<?xml version="1.0" encoding="UTF-8"?>
<!-- Generated by org.testng.reporters.JUnitReportReporter -->
<testsuite hostname="NEHVISHW-IN" name="Academy.Login" tests="2" failures="0" timestamp="3 Nov 2018 08:23:59 GMT" time="53.274" errors="0">
  <testcase name="loginpage" time="26.924" classname="Academy.Login"/>
  <testcase name="loginpage" time="26.350" classname="Academy.Login"/>
</testsuite> <!-- Academy.Login -->
